<?xml version="1.0" encoding="UTF-8"?>
<!-- Generated by org.testng.reporters.JUnitReportReporter -->
<testsuite skipped="0" hostname="LAPTOP-D3528CHI" name="Testpack.Day1" tests="2" failures="0" timestamp="19 Jun 2021 06:12:12 GMT" time="0.004" errors="0">
  <testcase name="t2" time="0.002" classname="Testpack.Day1"/>
  <testcase name="t1" time="0.002" classname="Testpack.Day1"/>
</testsuite> <!-- Testpack.Day1 -->
