<?xml version="1.0" encoding="UTF-8"?>
<!-- Generated by org.testng.reporters.JUnitReportReporter -->
<testsuite skipped="0" hostname="LAPTOP-D3528CHI" name="Testpack.DataProvider_demo" tests="3" failures="0" timestamp="19 Jun 2021 06:12:12 GMT" time="0.008" errors="0">
  <testcase name="t1" time="0.003" classname="Testpack.DataProvider_demo"/>
  <testcase name="t1" time="0.003" classname="Testpack.DataProvider_demo"/>
  <testcase name="t1" time="0.002" classname="Testpack.DataProvider_demo"/>
</testsuite> <!-- Testpack.DataProvider_demo -->
