<?xml version="1.0" encoding="UTF-8"?>
<!-- Generated by org.testng.reporters.JUnitReportReporter -->
<testsuite skipped="0" hostname="LAPTOP-D3528CHI" name="Testpack.Night2" tests="2" failures="0" timestamp="19 Jun 2021 06:12:12 GMT" time="0.007" errors="0">
  <testcase name="t1" time="0.004" classname="Testpack.Night2"/>
  <testcase name="t2" time="0.003" classname="Testpack.Night2"/>
</testsuite> <!-- Testpack.Night2 -->
